Build started 1/18/2016 2:16:23 PM.
     1>Project "C:\Users\halidziya\Desktop\I2GMM\UncollapsedSampler\UncollapsedSampler\UncollapsedSampler.vcxproj" on node 2 (Build target(s)).
     1>Link:
         C:\Program Files (x86)\Microsoft Visual Studio 12.0\VC\bin\x86_amd64\link.exe /ERRORREPORT:PROMPT /OUT:"C:\Users\halidziya\Desktop\I2GMM\UncollapsedSampler\x64\Debug\UncollapsedSampler.exe" /INCREMENTAL /NOLOGO FastMat.lib kernel32.lib user32.lib gdi32.lib winspool.lib comdlg32.lib advapi32.lib shell32.lib ole32.lib oleaut32.lib uuid.lib odbc32.lib odbccp32.lib kernel32.lib user32.lib gdi32.lib winspool.lib comdlg32.lib advapi32.lib shell32.lib ole32.lib oleaut32.lib uuid.lib odbc32.lib odbccp32.lib /MANIFEST /MANIFESTUAC:"level='asInvoker' uiAccess='false'" /manifest:embed /PDB:"C:\Users\halidziya\Desktop\I2GMM\UncollapsedSampler\x64\Debug\UncollapsedSampler.pdb" /TLBID:1 /DYNAMICBASE /NXCOMPAT /IMPLIB:"C:\Users\halidziya\Desktop\I2GMM\UncollapsedSampler\x64\Debug\UncollapsedSampler.lib" /MACHINE:X64 x64\Debug\igmm.obj
         FastMat.lib(Matrix.obj) : MSIL .netmodule or module compiled with /GL found; restarting link with /LTCG; add /LTCG to the link command line to improve linker performance
     1>LINK : warning LNK4075: ignoring '/INCREMENTAL' due to '/LTCG' specification
     1>FastMat.lib(Matrix.obj) : error LNK2038: mismatch detected for '_ITERATOR_DEBUG_LEVEL': value '0' doesn't match value '2' in igmm.obj
     1>FastMat.lib(Matrix.obj) : error LNK2038: mismatch detected for 'RuntimeLibrary': value 'MD_DynamicRelease' doesn't match value 'MDd_DynamicDebug' in igmm.obj
     1>FastMat.lib(Vector.obj) : error LNK2038: mismatch detected for '_ITERATOR_DEBUG_LEVEL': value '0' doesn't match value '2' in igmm.obj
     1>FastMat.lib(Vector.obj) : error LNK2038: mismatch detected for 'RuntimeLibrary': value 'MD_DynamicRelease' doesn't match value 'MDd_DynamicDebug' in igmm.obj
     1>LINK : warning LNK4098: defaultlib 'MSVCRT' conflicts with use of other libs; use /NODEFAULTLIB:library
     1>C:\Users\halidziya\Desktop\I2GMM\UncollapsedSampler\x64\Debug\UncollapsedSampler.exe : fatal error LNK1319: 4 mismatches detected
     1>Done Building Project "C:\Users\halidziya\Desktop\I2GMM\UncollapsedSampler\UncollapsedSampler\UncollapsedSampler.vcxproj" (Build target(s)) -- FAILED.

Build FAILED.

Time Elapsed 00:00:00.73
